<?xml version="1.0" encoding="UTF-8"?>
<!-- Generated by org.testng.reporters.JUnitReportReporter -->
<testsuite hostname="DESKTOP-4NBC7BV" failures="0" tests="1" name="AmazonTests.LoginTest" time="12.378" errors="0" timestamp="2022-07-12T17:12:55 IST" skipped="0">
  <testcase classname="AmazonTests.LoginTest" name="verifyPageLoginTitle" time="12.378"/>
  <system-out/>
</testsuite> <!-- AmazonTests.LoginTest -->
